[ 2015-10-16T09:24:47+08:00 ] 127.0.0.1 /index.php?g=home&m=ctsm&a=check
INFO: [ app_begin ] --START--
INFO: ReadHtmlCache Behavior ::run [ RunTime:0.000000s ]
INFO: [ app_begin ] --END-- [ RunTime:0.000000s ]

[ 2015-10-16T09:24:50+08:00 ] 127.0.0.1 /index.php?g=home&m=ctsm&a=check
INFO: [ app_begin ] --START--
INFO: ReadHtmlCache Behavior ::run [ RunTime:0.000000s ]
INFO: [ app_begin ] --END-- [ RunTime:0.000000s ]

[ 2015-10-16T09:24:51+08:00 ] 127.0.0.1 /index.php?g=home&m=ctsm&a=check
INFO: [ app_begin ] --START--
INFO: ReadHtmlCache Behavior ::run [ RunTime:0.000000s ]
INFO: [ app_begin ] --END-- [ RunTime:0.000000s ]

[ 2015-10-16T09:24:51+08:00 ] 127.0.0.1 /index.php?g=home&m=ctsm&a=check
INFO: [ app_begin ] --START--
INFO: ReadHtmlCache Behavior ::run [ RunTime:0.000000s ]
INFO: [ app_begin ] --END-- [ RunTime:0.001001s ]

[ 2015-10-16T09:25:05+08:00 ] 127.0.0.1 /index.php?g=home&m=ctsm&a=check
INFO: [ app_begin ] --START--
INFO: ReadHtmlCache Behavior ::run [ RunTime:0.001000s ]
INFO: [ app_begin ] --END-- [ RunTime:0.001000s ]

[ 2015-10-16T09:25:06+08:00 ] 127.0.0.1 /index.php?g=home&m=ctsm&a=check
INFO: [ app_begin ] --START--
INFO: ReadHtmlCache Behavior ::run [ RunTime:0.001001s ]
INFO: [ app_begin ] --END-- [ RunTime:0.001001s ]

[ 2015-10-16T09:25:08+08:00 ] 127.0.0.1 /index.php?g=home&m=ctsm&a=check
INFO: [ app_begin ] --START--
INFO: ReadHtmlCache Behavior ::run [ RunTime:0.000000s ]
INFO: [ app_begin ] --END-- [ RunTime:0.000000s ]

[ 2015-10-16T09:25:09+08:00 ] 127.0.0.1 /index.php?g=home&m=ctsm&a=check
INFO: [ app_begin ] --START--
INFO: ReadHtmlCache Behavior ::run [ RunTime:0.000000s ]
INFO: [ app_begin ] --END-- [ RunTime:0.000000s ]

[ 2015-10-16T09:25:10+08:00 ] 127.0.0.1 /index.php?g=home&m=ctsm&a=check
INFO: [ app_begin ] --START--
INFO: ReadHtmlCache Behavior ::run [ RunTime:0.010006s ]
INFO: [ app_begin ] --END-- [ RunTime:0.010006s ]

[ 2015-10-16T09:25:11+08:00 ] 127.0.0.1 /index.php?g=home&m=ctsm&a=check
INFO: [ app_begin ] --START--
INFO: ReadHtmlCache Behavior ::run [ RunTime:0.002002s ]
INFO: [ app_begin ] --END-- [ RunTime:0.002002s ]

[ 2015-10-16T09:25:13+08:00 ] 127.0.0.1 /index.php?g=home&m=ctsm&a=check
INFO: [ app_begin ] --START--
INFO: ReadHtmlCache Behavior ::run [ RunTime:0.001000s ]
INFO: [ app_begin ] --END-- [ RunTime:0.001000s ]

[ 2015-10-16T09:25:14+08:00 ] 127.0.0.1 /index.php?g=home&m=ctsm&a=check
INFO: [ app_begin ] --START--
INFO: ReadHtmlCache Behavior ::run [ RunTime:0.000000s ]
INFO: [ app_begin ] --END-- [ RunTime:0.000000s ]

[ 2015-10-16T09:25:17+08:00 ] 127.0.0.1 /index.php?g=home&m=ctsm&a=check
INFO: [ app_begin ] --START--
INFO: ReadHtmlCache Behavior ::run [ RunTime:0.001000s ]
INFO: [ app_begin ] --END-- [ RunTime:0.001000s ]

[ 2015-10-16T09:25:20+08:00 ] 127.0.0.1 /index.php?g=home&m=ctsm&a=check
INFO: [ app_begin ] --START--
INFO: ReadHtmlCache Behavior ::run [ RunTime:0.001001s ]
INFO: [ app_begin ] --END-- [ RunTime:0.001001s ]

[ 2015-10-16T09:25:23+08:00 ] 127.0.0.1 /index.php?g=home&m=ctsm&a=check
INFO: [ app_begin ] --START--
INFO: ReadHtmlCache Behavior ::run [ RunTime:0.001001s ]
INFO: [ app_begin ] --END-- [ RunTime:0.001001s ]

[ 2015-10-16T09:25:25+08:00 ] 127.0.0.1 /index.php?g=home&m=ctsm&a=check
INFO: [ app_begin ] --START--
INFO: ReadHtmlCache Behavior ::run [ RunTime:0.000000s ]
INFO: [ app_begin ] --END-- [ RunTime:0.001000s ]
NOTIC: [8] Undefined variable: error_message C:\Users\zhaoge\git\Think_zdmj\Apps\Lib\Action\Home\CtsmAction.class.php 第 46 行.
NOTIC: [8] Undefined index: mm C:\Users\zhaoge\git\Think_zdmj\Apps\Lib\Action\Home\CtsmAction.class.php 第 58 行.
NOTIC: [8] Undefined variable: error_message C:\Users\zhaoge\git\Think_zdmj\Apps\Lib\Action\Home\CtsmAction.class.php 第 61 行.

[ 2015-10-16T09:25:30+08:00 ] 127.0.0.1 /index.php?g=home&m=ctsm&a=check
INFO: [ app_begin ] --START--
INFO: ReadHtmlCache Behavior ::run [ RunTime:0.001001s ]
INFO: [ app_begin ] --END-- [ RunTime:0.001001s ]
NOTIC: [8] Undefined variable: error_message C:\Users\zhaoge\git\Think_zdmj\Apps\Lib\Action\Home\CtsmAction.class.php 第 46 行.
NOTIC: [8] Undefined index: mm C:\Users\zhaoge\git\Think_zdmj\Apps\Lib\Action\Home\CtsmAction.class.php 第 58 行.
NOTIC: [8] Undefined variable: error_message C:\Users\zhaoge\git\Think_zdmj\Apps\Lib\Action\Home\CtsmAction.class.php 第 61 行.

[ 2015-10-16T09:26:40+08:00 ] 127.0.0.1 /index.php?g=home&m=ctsm&a=check
INFO: [ app_begin ] --START--
INFO: ReadHtmlCache Behavior ::run [ RunTime:0.000000s ]
INFO: [ app_begin ] --END-- [ RunTime:0.001000s ]

[ 2015-10-16T09:26:42+08:00 ] 127.0.0.1 /index.php?g=home&m=ctsm&a=check
INFO: [ app_begin ] --START--
INFO: ReadHtmlCache Behavior ::run [ RunTime:0.001001s ]
INFO: [ app_begin ] --END-- [ RunTime:0.001001s ]

[ 2015-10-16T09:26:45+08:00 ] 127.0.0.1 /index.php?g=home&m=ctsm&a=check
INFO: [ app_begin ] --START--
INFO: ReadHtmlCache Behavior ::run [ RunTime:0.001001s ]
INFO: [ app_begin ] --END-- [ RunTime:0.001001s ]

[ 2015-10-16T09:26:46+08:00 ] 127.0.0.1 /index.php?g=home&m=ctsm&a=check
INFO: [ app_begin ] --START--
INFO: ReadHtmlCache Behavior ::run [ RunTime:0.001001s ]
INFO: [ app_begin ] --END-- [ RunTime:0.001001s ]

[ 2015-10-16T09:26:48+08:00 ] 127.0.0.1 /index.php?g=home&m=ctsm&a=check
INFO: [ app_begin ] --START--
INFO: ReadHtmlCache Behavior ::run [ RunTime:0.001000s ]
INFO: [ app_begin ] --END-- [ RunTime:0.001000s ]

[ 2015-10-16T09:26:51+08:00 ] 127.0.0.1 /index.php?g=home&m=ctsm&a=check
INFO: [ app_begin ] --START--
INFO: ReadHtmlCache Behavior ::run [ RunTime:0.000000s ]
INFO: [ app_begin ] --END-- [ RunTime:0.000000s ]

[ 2015-10-16T09:26:52+08:00 ] 127.0.0.1 /index.php?g=home&m=ctsm&a=check
INFO: [ app_begin ] --START--
INFO: ReadHtmlCache Behavior ::run [ RunTime:0.001000s ]
INFO: [ app_begin ] --END-- [ RunTime:0.001000s ]

[ 2015-10-16T09:26:53+08:00 ] 127.0.0.1 /index.php?g=home&m=ctsm&a=check
INFO: [ app_begin ] --START--
INFO: ReadHtmlCache Behavior ::run [ RunTime:0.001000s ]
INFO: [ app_begin ] --END-- [ RunTime:0.001000s ]

[ 2015-10-16T09:26:55+08:00 ] 127.0.0.1 /index.php?g=home&m=ctsm&a=check
INFO: [ app_begin ] --START--
INFO: ReadHtmlCache Behavior ::run [ RunTime:0.001000s ]
INFO: [ app_begin ] --END-- [ RunTime:0.001000s ]

[ 2015-10-16T09:26:56+08:00 ] 127.0.0.1 /index.php?g=home&m=ctsm&a=check
INFO: [ app_begin ] --START--
INFO: ReadHtmlCache Behavior ::run [ RunTime:0.001000s ]
INFO: [ app_begin ] --END-- [ RunTime:0.001000s ]

[ 2015-10-16T09:28:32+08:00 ] 127.0.0.1 /index.php?g=home&m=ctsm&a=check
INFO: [ app_begin ] --START--
INFO: ReadHtmlCache Behavior ::run [ RunTime:0.002001s ]
INFO: [ app_begin ] --END-- [ RunTime:0.002001s ]

[ 2015-10-16T09:28:34+08:00 ] 127.0.0.1 /index.php?g=home&m=ctsm&a=check
INFO: [ app_begin ] --START--
INFO: ReadHtmlCache Behavior ::run [ RunTime:0.001001s ]
INFO: [ app_begin ] --END-- [ RunTime:0.001001s ]

[ 2015-10-16T09:28:36+08:00 ] 127.0.0.1 /index.php?g=home&m=ctsm&a=check
INFO: [ app_begin ] --START--
INFO: ReadHtmlCache Behavior ::run [ RunTime:0.000000s ]
INFO: [ app_begin ] --END-- [ RunTime:0.001001s ]

[ 2015-10-16T09:28:37+08:00 ] 127.0.0.1 /index.php?g=home&m=ctsm&a=check
INFO: [ app_begin ] --START--
INFO: ReadHtmlCache Behavior ::run [ RunTime:0.001001s ]
INFO: [ app_begin ] --END-- [ RunTime:0.001001s ]

[ 2015-10-16T09:28:38+08:00 ] 127.0.0.1 /index.php?g=home&m=ctsm&a=check
INFO: [ app_begin ] --START--
INFO: ReadHtmlCache Behavior ::run [ RunTime:0.001001s ]
INFO: [ app_begin ] --END-- [ RunTime:0.001001s ]

[ 2015-10-16T09:28:39+08:00 ] 127.0.0.1 /index.php?g=home&m=ctsm&a=check
INFO: [ app_begin ] --START--
INFO: ReadHtmlCache Behavior ::run [ RunTime:0.001000s ]
INFO: [ app_begin ] --END-- [ RunTime:0.001000s ]

[ 2015-10-16T09:28:39+08:00 ] 127.0.0.1 /index.php?g=home&m=ctsm&a=check
INFO: [ app_begin ] --START--
INFO: ReadHtmlCache Behavior ::run [ RunTime:0.001001s ]
INFO: [ app_begin ] --END-- [ RunTime:0.001001s ]

[ 2015-10-16T09:28:39+08:00 ] 127.0.0.1 /index.php?g=home&m=ctsm&a=check
INFO: [ app_begin ] --START--
INFO: ReadHtmlCache Behavior ::run [ RunTime:0.001001s ]
INFO: [ app_begin ] --END-- [ RunTime:0.001001s ]

[ 2015-10-16T09:29:22+08:00 ] 127.0.0.1 /index.php?g=home&m=ctsm&a=check
INFO: [ app_begin ] --START--
INFO: ReadHtmlCache Behavior ::run [ RunTime:0.001000s ]
INFO: [ app_begin ] --END-- [ RunTime:0.001000s ]

[ 2015-10-16T09:29:23+08:00 ] 127.0.0.1 /index.php?g=home&m=ctsm&a=check
INFO: [ app_begin ] --START--
INFO: ReadHtmlCache Behavior ::run [ RunTime:0.001001s ]
INFO: [ app_begin ] --END-- [ RunTime:0.002001s ]

[ 2015-10-16T09:30:37+08:00 ] 127.0.0.1 /index.php?g=home&m=ctsm&a=check
INFO: [ app_begin ] --START--
INFO: ReadHtmlCache Behavior ::run [ RunTime:0.001001s ]
INFO: [ app_begin ] --END-- [ RunTime:0.001001s ]

[ 2015-10-16T09:30:38+08:00 ] 127.0.0.1 /index.php?g=home&m=ctsm&a=check
INFO: [ app_begin ] --START--
INFO: ReadHtmlCache Behavior ::run [ RunTime:0.001001s ]
INFO: [ app_begin ] --END-- [ RunTime:0.001001s ]

[ 2015-10-16T09:30:39+08:00 ] 127.0.0.1 /index.php?g=home&m=ctsm&a=check
INFO: [ app_begin ] --START--
INFO: ReadHtmlCache Behavior ::run [ RunTime:0.000000s ]
INFO: [ app_begin ] --END-- [ RunTime:0.001001s ]

[ 2015-10-16T09:30:40+08:00 ] 127.0.0.1 /index.php?g=home&m=ctsm&a=check
INFO: [ app_begin ] --START--
INFO: ReadHtmlCache Behavior ::run [ RunTime:0.001001s ]
INFO: [ app_begin ] --END-- [ RunTime:0.001001s ]

[ 2015-10-16T09:30:40+08:00 ] 127.0.0.1 /index.php?g=home&m=ctsm&a=check
INFO: [ app_begin ] --START--
INFO: ReadHtmlCache Behavior ::run [ RunTime:0.002001s ]
INFO: [ app_begin ] --END-- [ RunTime:0.002001s ]

[ 2015-10-16T09:30:46+08:00 ] 127.0.0.1 /index.php?g=home&m=ctsm&a=check
INFO: [ app_begin ] --START--
INFO: ReadHtmlCache Behavior ::run [ RunTime:0.001000s ]
INFO: [ app_begin ] --END-- [ RunTime:0.001000s ]

[ 2015-10-16T09:30:47+08:00 ] 127.0.0.1 /index.php?g=home&m=ctsm&a=check
INFO: [ app_begin ] --START--
INFO: ReadHtmlCache Behavior ::run [ RunTime:0.001000s ]
INFO: [ app_begin ] --END-- [ RunTime:0.001000s ]

[ 2015-10-16T09:30:53+08:00 ] 127.0.0.1 /index.php?g=home&m=ctsm&a=check
INFO: [ app_begin ] --START--
INFO: ReadHtmlCache Behavior ::run [ RunTime:0.001000s ]
INFO: [ app_begin ] --END-- [ RunTime:0.001000s ]

[ 2015-10-16T09:30:55+08:00 ] 127.0.0.1 /index.php?g=home&m=ctsm&a=check
INFO: [ app_begin ] --START--
INFO: ReadHtmlCache Behavior ::run [ RunTime:0.000000s ]
INFO: [ app_begin ] --END-- [ RunTime:0.001000s ]

[ 2015-10-16T09:30:58+08:00 ] 127.0.0.1 /index.php?g=home&m=ctsm&a=check
INFO: [ app_begin ] --START--
INFO: ReadHtmlCache Behavior ::run [ RunTime:0.001001s ]
INFO: [ app_begin ] --END-- [ RunTime:0.001001s ]

[ 2015-10-16T09:31:00+08:00 ] 127.0.0.1 /index.php?g=home&m=ctsm&a=check
INFO: [ app_begin ] --START--
INFO: ReadHtmlCache Behavior ::run [ RunTime:0.001001s ]
INFO: [ app_begin ] --END-- [ RunTime:0.001001s ]
NOTIC: [8] Undefined index: mm C:\Users\zhaoge\git\Think_zdmj\Apps\Lib\Action\Home\CtsmAction.class.php 第 58 行.
NOTIC: [8] Undefined variable: error_message C:\Users\zhaoge\git\Think_zdmj\Apps\Lib\Action\Home\CtsmAction.class.php 第 61 行.

[ 2015-10-16T09:31:02+08:00 ] 127.0.0.1 /index.php?g=home&m=ctsm&a=check
INFO: [ app_begin ] --START--
INFO: ReadHtmlCache Behavior ::run [ RunTime:0.001001s ]
INFO: [ app_begin ] --END-- [ RunTime:0.001001s ]
NOTIC: [8] Undefined index: mm C:\Users\zhaoge\git\Think_zdmj\Apps\Lib\Action\Home\CtsmAction.class.php 第 58 行.
NOTIC: [8] Undefined variable: error_message C:\Users\zhaoge\git\Think_zdmj\Apps\Lib\Action\Home\CtsmAction.class.php 第 61 行.

[ 2015-10-16T09:31:03+08:00 ] 127.0.0.1 /index.php?g=home&m=ctsm&a=check
INFO: [ app_begin ] --START--
INFO: ReadHtmlCache Behavior ::run [ RunTime:0.001000s ]
INFO: [ app_begin ] --END-- [ RunTime:0.001000s ]
NOTIC: [8] Undefined index: mm C:\Users\zhaoge\git\Think_zdmj\Apps\Lib\Action\Home\CtsmAction.class.php 第 58 行.
NOTIC: [8] Undefined variable: error_message C:\Users\zhaoge\git\Think_zdmj\Apps\Lib\Action\Home\CtsmAction.class.php 第 61 行.

[ 2015-10-16T09:31:04+08:00 ] 127.0.0.1 /index.php?g=home&m=ctsm&a=check
INFO: [ app_begin ] --START--
INFO: ReadHtmlCache Behavior ::run [ RunTime:0.000000s ]
INFO: [ app_begin ] --END-- [ RunTime:0.000000s ]
NOTIC: [8] Undefined index: mm C:\Users\zhaoge\git\Think_zdmj\Apps\Lib\Action\Home\CtsmAction.class.php 第 58 行.
NOTIC: [8] Undefined variable: error_message C:\Users\zhaoge\git\Think_zdmj\Apps\Lib\Action\Home\CtsmAction.class.php 第 61 行.

[ 2015-10-16T09:31:04+08:00 ] 127.0.0.1 /index.php?g=home&m=ctsm&a=check
INFO: [ app_begin ] --START--
INFO: ReadHtmlCache Behavior ::run [ RunTime:0.001001s ]
INFO: [ app_begin ] --END-- [ RunTime:0.001001s ]
NOTIC: [8] Undefined index: mm C:\Users\zhaoge\git\Think_zdmj\Apps\Lib\Action\Home\CtsmAction.class.php 第 58 行.
NOTIC: [8] Undefined variable: error_message C:\Users\zhaoge\git\Think_zdmj\Apps\Lib\Action\Home\CtsmAction.class.php 第 61 行.

[ 2015-10-16T09:32:13+08:00 ] 127.0.0.1 /index.php?g=home&m=ctsm&a=check
INFO: [ app_begin ] --START--
INFO: ReadHtmlCache Behavior ::run [ RunTime:0.001000s ]
INFO: [ app_begin ] --END-- [ RunTime:0.001000s ]

[ 2015-10-16T09:32:14+08:00 ] 127.0.0.1 /index.php?g=home&m=ctsm&a=check
INFO: [ app_begin ] --START--
INFO: ReadHtmlCache Behavior ::run [ RunTime:0.000000s ]
INFO: [ app_begin ] --END-- [ RunTime:0.000000s ]

[ 2015-10-16T09:32:19+08:00 ] 127.0.0.1 /index.php?g=home&m=ctsm&a=check
INFO: [ app_begin ] --START--
INFO: ReadHtmlCache Behavior ::run [ RunTime:0.000000s ]
INFO: [ app_begin ] --END-- [ RunTime:0.000000s ]

[ 2015-10-16T09:32:19+08:00 ] 127.0.0.1 /index.php?g=home&m=ctsm&a=check
INFO: [ app_begin ] --START--
INFO: ReadHtmlCache Behavior ::run [ RunTime:0.000000s ]
INFO: [ app_begin ] --END-- [ RunTime:0.000000s ]

[ 2015-10-16T09:32:20+08:00 ] 127.0.0.1 /index.php?g=home&m=ctsm&a=check
INFO: [ app_begin ] --START--
INFO: ReadHtmlCache Behavior ::run [ RunTime:0.001001s ]
INFO: [ app_begin ] --END-- [ RunTime:0.001001s ]

[ 2015-10-16T09:32:20+08:00 ] 127.0.0.1 /index.php?g=home&m=ctsm&a=check
INFO: [ app_begin ] --START--
INFO: ReadHtmlCache Behavior ::run [ RunTime:0.001000s ]
INFO: [ app_begin ] --END-- [ RunTime:0.001000s ]

[ 2015-10-16T09:32:22+08:00 ] 127.0.0.1 /index.php?g=home&m=ctsm&a=check
INFO: [ app_begin ] --START--
INFO: ReadHtmlCache Behavior ::run [ RunTime:0.001000s ]
INFO: [ app_begin ] --END-- [ RunTime:0.001000s ]

[ 2015-10-16T09:32:23+08:00 ] 127.0.0.1 /index.php?g=home&m=ctsm&a=check
INFO: [ app_begin ] --START--
INFO: ReadHtmlCache Behavior ::run [ RunTime:0.000000s ]
INFO: [ app_begin ] --END-- [ RunTime:0.000000s ]

[ 2015-10-16T09:32:23+08:00 ] 127.0.0.1 /index.php?g=home&m=ctsm&a=check
INFO: [ app_begin ] --START--
INFO: ReadHtmlCache Behavior ::run [ RunTime:0.001000s ]
INFO: [ app_begin ] --END-- [ RunTime:0.001000s ]

[ 2015-10-16T09:32:23+08:00 ] 127.0.0.1 /index.php?g=home&m=ctsm&a=check
INFO: [ app_begin ] --START--
INFO: ReadHtmlCache Behavior ::run [ RunTime:0.001000s ]
INFO: [ app_begin ] --END-- [ RunTime:0.001000s ]

[ 2015-10-16T09:32:23+08:00 ] 127.0.0.1 /index.php?g=home&m=ctsm&a=check
INFO: [ app_begin ] --START--
INFO: ReadHtmlCache Behavior ::run [ RunTime:0.001000s ]
INFO: [ app_begin ] --END-- [ RunTime:0.001000s ]

[ 2015-10-16T09:32:24+08:00 ] 127.0.0.1 /index.php?g=home&m=ctsm&a=check
INFO: [ app_begin ] --START--
INFO: ReadHtmlCache Behavior ::run [ RunTime:0.000000s ]
INFO: [ app_begin ] --END-- [ RunTime:0.000000s ]

[ 2015-10-16T09:34:06+08:00 ] 127.0.0.1 /index.php?g=home&m=ctsm&a=check
INFO: [ app_begin ] --START--
INFO: ReadHtmlCache Behavior ::run [ RunTime:0.001001s ]
INFO: [ app_begin ] --END-- [ RunTime:0.001001s ]
NOTIC: [8] Undefined index: mm C:\Users\zhaoge\git\Think_zdmj\Apps\Lib\Action\Home\CtsmAction.class.php 第 58 行.
NOTIC: [8] Undefined variable: error_message C:\Users\zhaoge\git\Think_zdmj\Apps\Lib\Action\Home\CtsmAction.class.php 第 61 行.

[ 2015-10-16T09:34:07+08:00 ] 127.0.0.1 /index.php?g=home&m=ctsm&a=check
INFO: [ app_begin ] --START--
INFO: ReadHtmlCache Behavior ::run [ RunTime:0.000000s ]
INFO: [ app_begin ] --END-- [ RunTime:0.000000s ]
NOTIC: [8] Undefined index: mm C:\Users\zhaoge\git\Think_zdmj\Apps\Lib\Action\Home\CtsmAction.class.php 第 58 行.
NOTIC: [8] Undefined variable: error_message C:\Users\zhaoge\git\Think_zdmj\Apps\Lib\Action\Home\CtsmAction.class.php 第 61 行.

[ 2015-10-16T09:38:28+08:00 ] 127.0.0.1 /index.php?g=home&m=ctsm&a=check
INFO: [ app_begin ] --START--
INFO: ReadHtmlCache Behavior ::run [ RunTime:0.000000s ]
INFO: [ app_begin ] --END-- [ RunTime:0.000000s ]

[ 2015-10-16T09:38:29+08:00 ] 127.0.0.1 /index.php?g=home&m=ctsm&a=check
INFO: [ app_begin ] --START--
INFO: ReadHtmlCache Behavior ::run [ RunTime:0.000000s ]
INFO: [ app_begin ] --END-- [ RunTime:0.000000s ]

[ 2015-10-16T09:38:53+08:00 ] 127.0.0.1 /index.php?g=home&m=ctsm&a=check
INFO: [ app_begin ] --START--
INFO: ReadHtmlCache Behavior ::run [ RunTime:0.000000s ]
INFO: [ app_begin ] --END-- [ RunTime:0.000000s ]

[ 2015-10-16T09:38:54+08:00 ] 127.0.0.1 /index.php?g=home&m=ctsm&a=check
INFO: [ app_begin ] --START--
INFO: ReadHtmlCache Behavior ::run [ RunTime:0.000000s ]
INFO: [ app_begin ] --END-- [ RunTime:0.000000s ]

[ 2015-10-16T09:38:54+08:00 ] 127.0.0.1 /index.php?g=home&m=ctsm&a=check
INFO: [ app_begin ] --START--
INFO: ReadHtmlCache Behavior ::run [ RunTime:0.000000s ]
INFO: [ app_begin ] --END-- [ RunTime:0.000000s ]

[ 2015-10-16T09:38:54+08:00 ] 127.0.0.1 /index.php?g=home&m=ctsm&a=check
INFO: [ app_begin ] --START--
INFO: ReadHtmlCache Behavior ::run [ RunTime:0.001000s ]
INFO: [ app_begin ] --END-- [ RunTime:0.001000s ]

[ 2015-10-16T09:38:55+08:00 ] 127.0.0.1 /index.php?g=home&m=ctsm&a=check
INFO: [ app_begin ] --START--
INFO: ReadHtmlCache Behavior ::run [ RunTime:0.001000s ]
INFO: [ app_begin ] --END-- [ RunTime:0.001000s ]

[ 2015-10-16T09:38:55+08:00 ] 127.0.0.1 /index.php?g=home&m=ctsm&a=check
INFO: [ app_begin ] --START--
INFO: ReadHtmlCache Behavior ::run [ RunTime:0.001000s ]
INFO: [ app_begin ] --END-- [ RunTime:0.001000s ]

[ 2015-10-16T09:38:58+08:00 ] 127.0.0.1 /index.php?g=home&m=ctsm&a=check
INFO: [ app_begin ] --START--
INFO: ReadHtmlCache Behavior ::run [ RunTime:0.000000s ]
INFO: [ app_begin ] --END-- [ RunTime:0.000000s ]

[ 2015-10-16T09:39:03+08:00 ] 127.0.0.1 /index.php?g=home&m=ctsm&a=check
INFO: [ app_begin ] --START--
INFO: ReadHtmlCache Behavior ::run [ RunTime:0.000000s ]
INFO: [ app_begin ] --END-- [ RunTime:0.000000s ]
NOTIC: [8] Undefined index: mm C:\Users\zhaoge\git\Think_zdmj\Apps\Lib\Action\Home\CtsmAction.class.php 第 58 行.
NOTIC: [8] Undefined variable: error_message C:\Users\zhaoge\git\Think_zdmj\Apps\Lib\Action\Home\CtsmAction.class.php 第 61 行.

[ 2015-10-16T09:42:17+08:00 ] 127.0.0.1 /index.php?g=home&m=ctsm&a=check
INFO: [ app_begin ] --START--
INFO: ReadHtmlCache Behavior ::run [ RunTime:0.001000s ]
INFO: [ app_begin ] --END-- [ RunTime:0.001000s ]

[ 2015-10-16T09:44:52+08:00 ] 127.0.0.1 /index.php?g=home&m=ctsm&a=check
INFO: [ app_begin ] --START--
INFO: ReadHtmlCache Behavior ::run [ RunTime:0.001001s ]
INFO: [ app_begin ] --END-- [ RunTime:0.001001s ]

[ 2015-10-16T09:44:54+08:00 ] 127.0.0.1 /index.php?g=home&m=ctsm&a=check
INFO: [ app_begin ] --START--
INFO: ReadHtmlCache Behavior ::run [ RunTime:0.001000s ]
INFO: [ app_begin ] --END-- [ RunTime:0.001000s ]

[ 2015-10-16T09:44:57+08:00 ] 127.0.0.1 /index.php?g=home&m=ctsm&a=check
INFO: [ app_begin ] --START--
INFO: ReadHtmlCache Behavior ::run [ RunTime:0.001000s ]
INFO: [ app_begin ] --END-- [ RunTime:0.001000s ]
NOTIC: [8] Undefined index: mm C:\Users\zhaoge\git\Think_zdmj\Apps\Lib\Action\Home\CtsmAction.class.php 第 58 行.
NOTIC: [8] Undefined variable: error_message C:\Users\zhaoge\git\Think_zdmj\Apps\Lib\Action\Home\CtsmAction.class.php 第 61 行.

[ 2015-10-16T09:44:59+08:00 ] 127.0.0.1 /index.php?g=home&m=ctsm&a=check
INFO: [ app_begin ] --START--
INFO: ReadHtmlCache Behavior ::run [ RunTime:0.001000s ]
INFO: [ app_begin ] --END-- [ RunTime:0.001000s ]
NOTIC: [8] Undefined index: mm C:\Users\zhaoge\git\Think_zdmj\Apps\Lib\Action\Home\CtsmAction.class.php 第 58 行.
NOTIC: [8] Undefined variable: error_message C:\Users\zhaoge\git\Think_zdmj\Apps\Lib\Action\Home\CtsmAction.class.php 第 61 行.

[ 2015-10-16T09:45:00+08:00 ] 127.0.0.1 /index.php?g=home&m=ctsm&a=check
INFO: [ app_begin ] --START--
INFO: ReadHtmlCache Behavior ::run [ RunTime:0.001001s ]
INFO: [ app_begin ] --END-- [ RunTime:0.001001s ]
NOTIC: [8] Undefined index: mm C:\Users\zhaoge\git\Think_zdmj\Apps\Lib\Action\Home\CtsmAction.class.php 第 58 行.
NOTIC: [8] Undefined variable: error_message C:\Users\zhaoge\git\Think_zdmj\Apps\Lib\Action\Home\CtsmAction.class.php 第 61 行.

[ 2015-10-16T09:45:00+08:00 ] 127.0.0.1 /index.php?g=home&m=ctsm&a=check
INFO: [ app_begin ] --START--
INFO: ReadHtmlCache Behavior ::run [ RunTime:0.000000s ]
INFO: [ app_begin ] --END-- [ RunTime:0.000000s ]
NOTIC: [8] Undefined index: mm C:\Users\zhaoge\git\Think_zdmj\Apps\Lib\Action\Home\CtsmAction.class.php 第 58 行.
NOTIC: [8] Undefined variable: error_message C:\Users\zhaoge\git\Think_zdmj\Apps\Lib\Action\Home\CtsmAction.class.php 第 61 行.

[ 2015-10-16T09:45:00+08:00 ] 127.0.0.1 /index.php?g=home&m=ctsm&a=check
INFO: [ app_begin ] --START--
INFO: ReadHtmlCache Behavior ::run [ RunTime:0.001000s ]
INFO: [ app_begin ] --END-- [ RunTime:0.001000s ]
NOTIC: [8] Undefined index: mm C:\Users\zhaoge\git\Think_zdmj\Apps\Lib\Action\Home\CtsmAction.class.php 第 58 行.
NOTIC: [8] Undefined variable: error_message C:\Users\zhaoge\git\Think_zdmj\Apps\Lib\Action\Home\CtsmAction.class.php 第 61 行.

[ 2015-10-16T09:45:01+08:00 ] 127.0.0.1 /index.php?g=home&m=ctsm&a=check
INFO: [ app_begin ] --START--
INFO: ReadHtmlCache Behavior ::run [ RunTime:0.001001s ]
INFO: [ app_begin ] --END-- [ RunTime:0.001001s ]
NOTIC: [8] Undefined index: mm C:\Users\zhaoge\git\Think_zdmj\Apps\Lib\Action\Home\CtsmAction.class.php 第 58 行.
NOTIC: [8] Undefined variable: error_message C:\Users\zhaoge\git\Think_zdmj\Apps\Lib\Action\Home\CtsmAction.class.php 第 61 行.

[ 2015-10-16T09:45:01+08:00 ] 127.0.0.1 /index.php?g=home&m=ctsm&a=check
INFO: [ app_begin ] --START--
INFO: ReadHtmlCache Behavior ::run [ RunTime:0.000000s ]
INFO: [ app_begin ] --END-- [ RunTime:0.001000s ]
NOTIC: [8] Undefined index: mm C:\Users\zhaoge\git\Think_zdmj\Apps\Lib\Action\Home\CtsmAction.class.php 第 58 行.
NOTIC: [8] Undefined variable: error_message C:\Users\zhaoge\git\Think_zdmj\Apps\Lib\Action\Home\CtsmAction.class.php 第 61 行.

[ 2015-10-16T09:45:47+08:00 ] 127.0.0.1 /index.php?g=home&m=ctsm&a=check
INFO: [ app_begin ] --START--
INFO: ReadHtmlCache Behavior ::run [ RunTime:0.000000s ]
INFO: [ app_begin ] --END-- [ RunTime:0.000000s ]

[ 2015-10-16T09:45:50+08:00 ] 127.0.0.1 /index.php?g=home&m=ctsm&a=check
INFO: [ app_begin ] --START--
INFO: ReadHtmlCache Behavior ::run [ RunTime:0.001000s ]
INFO: [ app_begin ] --END-- [ RunTime:0.001000s ]

[ 2015-10-16T09:45:51+08:00 ] 127.0.0.1 /index.php?g=home&m=ctsm&a=check
INFO: [ app_begin ] --START--
INFO: ReadHtmlCache Behavior ::run [ RunTime:0.001000s ]
INFO: [ app_begin ] --END-- [ RunTime:0.001000s ]

[ 2015-10-16T09:45:53+08:00 ] 127.0.0.1 /index.php?g=home&m=ctsm&a=check
INFO: [ app_begin ] --START--
INFO: ReadHtmlCache Behavior ::run [ RunTime:0.001000s ]
INFO: [ app_begin ] --END-- [ RunTime:0.001000s ]

[ 2015-10-16T09:45:54+08:00 ] 127.0.0.1 /index.php?g=home&m=ctsm&a=check
INFO: [ app_begin ] --START--
INFO: ReadHtmlCache Behavior ::run [ RunTime:0.001000s ]
INFO: [ app_begin ] --END-- [ RunTime:0.001000s ]

[ 2015-10-16T09:45:55+08:00 ] 127.0.0.1 /index.php?g=home&m=ctsm&a=check
INFO: [ app_begin ] --START--
INFO: ReadHtmlCache Behavior ::run [ RunTime:0.002001s ]
INFO: [ app_begin ] --END-- [ RunTime:0.002001s ]

[ 2015-10-16T09:45:55+08:00 ] 127.0.0.1 /index.php?g=home&m=ctsm&a=check
INFO: [ app_begin ] --START--
INFO: ReadHtmlCache Behavior ::run [ RunTime:0.000000s ]
INFO: [ app_begin ] --END-- [ RunTime:0.000000s ]

[ 2015-10-16T09:45:55+08:00 ] 127.0.0.1 /index.php?g=home&m=ctsm&a=check
INFO: [ app_begin ] --START--
INFO: ReadHtmlCache Behavior ::run [ RunTime:0.001000s ]
INFO: [ app_begin ] --END-- [ RunTime:0.001000s ]

[ 2015-10-16T09:45:59+08:00 ] 127.0.0.1 /index.php?g=home&m=ctsm&a=check
INFO: [ app_begin ] --START--
INFO: ReadHtmlCache Behavior ::run [ RunTime:0.001000s ]
INFO: [ app_begin ] --END-- [ RunTime:0.001000s ]
NOTIC: [8] Undefined index: mm C:\Users\zhaoge\git\Think_zdmj\Apps\Lib\Action\Home\CtsmAction.class.php 第 58 行.
NOTIC: [8] Undefined variable: error_message C:\Users\zhaoge\git\Think_zdmj\Apps\Lib\Action\Home\CtsmAction.class.php 第 61 行.

[ 2015-10-16T09:46:00+08:00 ] 127.0.0.1 /index.php?g=home&m=ctsm&a=check
INFO: [ app_begin ] --START--
INFO: ReadHtmlCache Behavior ::run [ RunTime:0.000000s ]
INFO: [ app_begin ] --END-- [ RunTime:0.001000s ]
NOTIC: [8] Undefined index: mm C:\Users\zhaoge\git\Think_zdmj\Apps\Lib\Action\Home\CtsmAction.class.php 第 58 行.
NOTIC: [8] Undefined variable: error_message C:\Users\zhaoge\git\Think_zdmj\Apps\Lib\Action\Home\CtsmAction.class.php 第 61 行.

[ 2015-10-16T09:46:01+08:00 ] 127.0.0.1 /index.php?g=home&m=ctsm&a=check
INFO: [ app_begin ] --START--
INFO: ReadHtmlCache Behavior ::run [ RunTime:0.001000s ]
INFO: [ app_begin ] --END-- [ RunTime:0.001000s ]
NOTIC: [8] Undefined index: mm C:\Users\zhaoge\git\Think_zdmj\Apps\Lib\Action\Home\CtsmAction.class.php 第 58 行.
NOTIC: [8] Undefined variable: error_message C:\Users\zhaoge\git\Think_zdmj\Apps\Lib\Action\Home\CtsmAction.class.php 第 61 行.

[ 2015-10-16T09:46:01+08:00 ] 127.0.0.1 /index.php?g=home&m=ctsm&a=check
INFO: [ app_begin ] --START--
INFO: ReadHtmlCache Behavior ::run [ RunTime:0.000000s ]
INFO: [ app_begin ] --END-- [ RunTime:0.000000s ]
NOTIC: [8] Undefined index: mm C:\Users\zhaoge\git\Think_zdmj\Apps\Lib\Action\Home\CtsmAction.class.php 第 58 行.
NOTIC: [8] Undefined variable: error_message C:\Users\zhaoge\git\Think_zdmj\Apps\Lib\Action\Home\CtsmAction.class.php 第 61 行.

[ 2015-10-16T09:46:01+08:00 ] 127.0.0.1 /index.php?g=home&m=ctsm&a=check
INFO: [ app_begin ] --START--
INFO: ReadHtmlCache Behavior ::run [ RunTime:0.001000s ]
INFO: [ app_begin ] --END-- [ RunTime:0.001000s ]
NOTIC: [8] Undefined index: mm C:\Users\zhaoge\git\Think_zdmj\Apps\Lib\Action\Home\CtsmAction.class.php 第 58 行.
NOTIC: [8] Undefined variable: error_message C:\Users\zhaoge\git\Think_zdmj\Apps\Lib\Action\Home\CtsmAction.class.php 第 61 行.

[ 2015-10-16T09:59:35+08:00 ] 127.0.0.1 /index.php?g=home&m=ctsm&a=check
INFO: [ app_begin ] --START--
INFO: ReadHtmlCache Behavior ::run [ RunTime:0.000000s ]
INFO: [ app_begin ] --END-- [ RunTime:0.000000s ]

[ 2015-10-16T09:59:44+08:00 ] 127.0.0.1 /index.php?g=home&m=ctsm&a=check
INFO: [ app_begin ] --START--
INFO: ReadHtmlCache Behavior ::run [ RunTime:0.000000s ]
INFO: [ app_begin ] --END-- [ RunTime:0.000000s ]
NOTIC: [8] Undefined index: mm C:\Users\zhaoge\git\Think_zdmj\Apps\Lib\Action\Home\CtsmAction.class.php 第 58 行.
NOTIC: [8] Undefined variable: error_message C:\Users\zhaoge\git\Think_zdmj\Apps\Lib\Action\Home\CtsmAction.class.php 第 61 行.

[ 2015-10-16T09:59:46+08:00 ] 127.0.0.1 /index.php?g=home&m=ctsm&a=check
INFO: [ app_begin ] --START--
INFO: ReadHtmlCache Behavior ::run [ RunTime:0.000000s ]
INFO: [ app_begin ] --END-- [ RunTime:0.000000s ]
NOTIC: [8] Undefined index: mm C:\Users\zhaoge\git\Think_zdmj\Apps\Lib\Action\Home\CtsmAction.class.php 第 58 行.
NOTIC: [8] Undefined variable: error_message C:\Users\zhaoge\git\Think_zdmj\Apps\Lib\Action\Home\CtsmAction.class.php 第 61 行.

[ 2015-10-16T09:59:46+08:00 ] 127.0.0.1 /index.php?g=home&m=ctsm&a=check
INFO: [ app_begin ] --START--
INFO: ReadHtmlCache Behavior ::run [ RunTime:0.000000s ]
INFO: [ app_begin ] --END-- [ RunTime:0.000000s ]
NOTIC: [8] Undefined index: mm C:\Users\zhaoge\git\Think_zdmj\Apps\Lib\Action\Home\CtsmAction.class.php 第 58 行.
NOTIC: [8] Undefined variable: error_message C:\Users\zhaoge\git\Think_zdmj\Apps\Lib\Action\Home\CtsmAction.class.php 第 61 行.

[ 2015-10-16T10:01:52+08:00 ] 127.0.0.1 /index.php?g=home&m=ctsm&a=check
INFO: [ app_begin ] --START--
INFO: ReadHtmlCache Behavior ::run [ RunTime:0.000000s ]
INFO: [ app_begin ] --END-- [ RunTime:0.000000s ]
NOTIC: [8] Undefined index: mm C:\Users\zhaoge\git\Think_zdmj\Apps\Lib\Action\Home\CtsmAction.class.php 第 58 行.
NOTIC: [8] Undefined variable: error_message C:\Users\zhaoge\git\Think_zdmj\Apps\Lib\Action\Home\CtsmAction.class.php 第 61 行.

[ 2015-10-16T10:01:54+08:00 ] 127.0.0.1 /index.php?g=home&m=ctsm&a=check
INFO: [ app_begin ] --START--
INFO: ReadHtmlCache Behavior ::run [ RunTime:0.000000s ]
INFO: [ app_begin ] --END-- [ RunTime:0.000000s ]
NOTIC: [8] Undefined index: mm C:\Users\zhaoge\git\Think_zdmj\Apps\Lib\Action\Home\CtsmAction.class.php 第 58 行.
NOTIC: [8] Undefined variable: error_message C:\Users\zhaoge\git\Think_zdmj\Apps\Lib\Action\Home\CtsmAction.class.php 第 61 行.

[ 2015-10-16T10:01:58+08:00 ] 127.0.0.1 /index.php?g=home&m=ctsm&a=check
INFO: [ app_begin ] --START--
INFO: ReadHtmlCache Behavior ::run [ RunTime:0.015600s ]
INFO: [ app_begin ] --END-- [ RunTime:0.015600s ]
NOTIC: [8] Undefined index: mm C:\Users\zhaoge\git\Think_zdmj\Apps\Lib\Action\Home\CtsmAction.class.php 第 58 行.
NOTIC: [8] Undefined variable: error_message C:\Users\zhaoge\git\Think_zdmj\Apps\Lib\Action\Home\CtsmAction.class.php 第 61 行.

[ 2015-10-16T10:02:41+08:00 ] 127.0.0.1 /index.php?g=home&m=ctsm&a=check
INFO: [ app_begin ] --START--
INFO: ReadHtmlCache Behavior ::run [ RunTime:0.000000s ]
INFO: [ app_begin ] --END-- [ RunTime:0.000000s ]

[ 2015-10-16T10:02:46+08:00 ] 127.0.0.1 /index.php?g=home&m=ctsm&a=check
INFO: [ app_begin ] --START--
INFO: ReadHtmlCache Behavior ::run [ RunTime:0.001000s ]
INFO: [ app_begin ] --END-- [ RunTime:0.001000s ]

[ 2015-10-16T10:02:49+08:00 ] 127.0.0.1 /index.php?g=home&m=ctsm&a=check
INFO: [ app_begin ] --START--
INFO: ReadHtmlCache Behavior ::run [ RunTime:0.000000s ]
INFO: [ app_begin ] --END-- [ RunTime:0.000000s ]

[ 2015-10-16T10:02:52+08:00 ] 127.0.0.1 /index.php?g=home&m=ctsm&a=check
INFO: [ app_begin ] --START--
INFO: ReadHtmlCache Behavior ::run [ RunTime:0.000000s ]
INFO: [ app_begin ] --END-- [ RunTime:0.000000s ]

[ 2015-10-16T10:02:54+08:00 ] 127.0.0.1 /index.php?g=home&m=ctsm&a=check
INFO: [ app_begin ] --START--
INFO: ReadHtmlCache Behavior ::run [ RunTime:0.000000s ]
INFO: [ app_begin ] --END-- [ RunTime:0.001000s ]
NOTIC: [8] Undefined index: mm C:\Users\zhaoge\git\Think_zdmj\Apps\Lib\Action\Home\CtsmAction.class.php 第 58 行.
NOTIC: [8] Undefined variable: error_message C:\Users\zhaoge\git\Think_zdmj\Apps\Lib\Action\Home\CtsmAction.class.php 第 61 行.

[ 2015-10-16T10:02:57+08:00 ] 127.0.0.1 /index.php?g=home&m=ctsm&a=check
INFO: [ app_begin ] --START--
INFO: ReadHtmlCache Behavior ::run [ RunTime:0.001000s ]
INFO: [ app_begin ] --END-- [ RunTime:0.001000s ]
NOTIC: [8] Undefined index: mm C:\Users\zhaoge\git\Think_zdmj\Apps\Lib\Action\Home\CtsmAction.class.php 第 58 行.
NOTIC: [8] Undefined variable: error_message C:\Users\zhaoge\git\Think_zdmj\Apps\Lib\Action\Home\CtsmAction.class.php 第 61 行.

[ 2015-10-16T10:02:59+08:00 ] 127.0.0.1 /index.php?g=home&m=ctsm&a=check
INFO: [ app_begin ] --START--
INFO: ReadHtmlCache Behavior ::run [ RunTime:0.000000s ]
INFO: [ app_begin ] --END-- [ RunTime:0.000000s ]
NOTIC: [8] Undefined index: mm C:\Users\zhaoge\git\Think_zdmj\Apps\Lib\Action\Home\CtsmAction.class.php 第 58 行.
NOTIC: [8] Undefined variable: error_message C:\Users\zhaoge\git\Think_zdmj\Apps\Lib\Action\Home\CtsmAction.class.php 第 61 行.

[ 2015-10-16T10:05:38+08:00 ] 127.0.0.1 /index.php?g=home&m=ctsm&a=check
INFO: [ app_begin ] --START--
INFO: ReadHtmlCache Behavior ::run [ RunTime:0.001000s ]
INFO: [ app_begin ] --END-- [ RunTime:0.001000s ]

[ 2015-10-16T10:08:09+08:00 ] 127.0.0.1 /index.php?g=home&m=ctsm&a=check
INFO: [ app_begin ] --START--
INFO: ReadHtmlCache Behavior ::run [ RunTime:0.001000s ]
INFO: [ app_begin ] --END-- [ RunTime:0.001000s ]

[ 2015-10-16T10:08:12+08:00 ] 127.0.0.1 /index.php?g=home&m=ctsm&a=check
INFO: [ app_begin ] --START--
INFO: ReadHtmlCache Behavior ::run [ RunTime:0.001000s ]
INFO: [ app_begin ] --END-- [ RunTime:0.001000s ]

[ 2015-10-16T10:08:13+08:00 ] 127.0.0.1 /index.php?g=home&m=ctsm&a=check
INFO: [ app_begin ] --START--
INFO: ReadHtmlCache Behavior ::run [ RunTime:0.000000s ]
INFO: [ app_begin ] --END-- [ RunTime:0.001000s ]

[ 2015-10-16T10:08:15+08:00 ] 127.0.0.1 /index.php?g=home&m=ctsm&a=check
INFO: [ app_begin ] --START--
INFO: ReadHtmlCache Behavior ::run [ RunTime:0.001001s ]
INFO: [ app_begin ] --END-- [ RunTime:0.001001s ]
NOTIC: [8] Undefined index: mm C:\Users\zhaoge\git\Think_zdmj\Apps\Lib\Action\Home\CtsmAction.class.php 第 58 行.
NOTIC: [8] Undefined variable: error_message C:\Users\zhaoge\git\Think_zdmj\Apps\Lib\Action\Home\CtsmAction.class.php 第 61 行.

[ 2015-10-16T10:08:16+08:00 ] 127.0.0.1 /index.php?g=home&m=ctsm&a=check
INFO: [ app_begin ] --START--
INFO: ReadHtmlCache Behavior ::run [ RunTime:0.000000s ]
INFO: [ app_begin ] --END-- [ RunTime:0.000000s ]
NOTIC: [8] Undefined index: mm C:\Users\zhaoge\git\Think_zdmj\Apps\Lib\Action\Home\CtsmAction.class.php 第 58 行.
NOTIC: [8] Undefined variable: error_message C:\Users\zhaoge\git\Think_zdmj\Apps\Lib\Action\Home\CtsmAction.class.php 第 61 行.

[ 2015-10-16T10:08:16+08:00 ] 127.0.0.1 /index.php?g=home&m=ctsm&a=check
INFO: [ app_begin ] --START--
INFO: ReadHtmlCache Behavior ::run [ RunTime:0.000000s ]
INFO: [ app_begin ] --END-- [ RunTime:0.001000s ]
NOTIC: [8] Undefined index: mm C:\Users\zhaoge\git\Think_zdmj\Apps\Lib\Action\Home\CtsmAction.class.php 第 58 行.
NOTIC: [8] Undefined variable: error_message C:\Users\zhaoge\git\Think_zdmj\Apps\Lib\Action\Home\CtsmAction.class.php 第 61 行.

[ 2015-10-16T10:08:16+08:00 ] 127.0.0.1 /index.php?g=home&m=ctsm&a=check
INFO: [ app_begin ] --START--
INFO: ReadHtmlCache Behavior ::run [ RunTime:0.000000s ]
INFO: [ app_begin ] --END-- [ RunTime:0.001000s ]
NOTIC: [8] Undefined index: mm C:\Users\zhaoge\git\Think_zdmj\Apps\Lib\Action\Home\CtsmAction.class.php 第 58 行.
NOTIC: [8] Undefined variable: error_message C:\Users\zhaoge\git\Think_zdmj\Apps\Lib\Action\Home\CtsmAction.class.php 第 61 行.

[ 2015-10-16T10:08:16+08:00 ] 127.0.0.1 /index.php?g=home&m=ctsm&a=check
INFO: [ app_begin ] --START--
INFO: ReadHtmlCache Behavior ::run [ RunTime:0.001000s ]
INFO: [ app_begin ] --END-- [ RunTime:0.001000s ]
NOTIC: [8] Undefined index: mm C:\Users\zhaoge\git\Think_zdmj\Apps\Lib\Action\Home\CtsmAction.class.php 第 58 行.
NOTIC: [8] Undefined variable: error_message C:\Users\zhaoge\git\Think_zdmj\Apps\Lib\Action\Home\CtsmAction.class.php 第 61 行.

[ 2015-10-16T10:08:17+08:00 ] 127.0.0.1 /index.php?g=home&m=ctsm&a=check
INFO: [ app_begin ] --START--
INFO: ReadHtmlCache Behavior ::run [ RunTime:0.001000s ]
INFO: [ app_begin ] --END-- [ RunTime:0.001000s ]
NOTIC: [8] Undefined index: mm C:\Users\zhaoge\git\Think_zdmj\Apps\Lib\Action\Home\CtsmAction.class.php 第 58 行.
NOTIC: [8] Undefined variable: error_message C:\Users\zhaoge\git\Think_zdmj\Apps\Lib\Action\Home\CtsmAction.class.php 第 61 行.

[ 2015-10-16T10:08:17+08:00 ] 127.0.0.1 /index.php?g=home&m=ctsm&a=check
INFO: [ app_begin ] --START--
INFO: ReadHtmlCache Behavior ::run [ RunTime:0.001000s ]
INFO: [ app_begin ] --END-- [ RunTime:0.001000s ]
NOTIC: [8] Undefined index: mm C:\Users\zhaoge\git\Think_zdmj\Apps\Lib\Action\Home\CtsmAction.class.php 第 58 行.
NOTIC: [8] Undefined variable: error_message C:\Users\zhaoge\git\Think_zdmj\Apps\Lib\Action\Home\CtsmAction.class.php 第 61 行.

[ 2015-10-16T10:08:17+08:00 ] 127.0.0.1 /index.php?g=home&m=ctsm&a=check
INFO: [ app_begin ] --START--
INFO: ReadHtmlCache Behavior ::run [ RunTime:0.001000s ]
INFO: [ app_begin ] --END-- [ RunTime:0.001000s ]
NOTIC: [8] Undefined index: mm C:\Users\zhaoge\git\Think_zdmj\Apps\Lib\Action\Home\CtsmAction.class.php 第 58 行.
NOTIC: [8] Undefined variable: error_message C:\Users\zhaoge\git\Think_zdmj\Apps\Lib\Action\Home\CtsmAction.class.php 第 61 行.

[ 2015-10-16T10:08:17+08:00 ] 127.0.0.1 /index.php?g=home&m=ctsm&a=check
INFO: [ app_begin ] --START--
INFO: ReadHtmlCache Behavior ::run [ RunTime:0.001000s ]
INFO: [ app_begin ] --END-- [ RunTime:0.001000s ]
NOTIC: [8] Undefined index: mm C:\Users\zhaoge\git\Think_zdmj\Apps\Lib\Action\Home\CtsmAction.class.php 第 58 行.
NOTIC: [8] Undefined variable: error_message C:\Users\zhaoge\git\Think_zdmj\Apps\Lib\Action\Home\CtsmAction.class.php 第 61 行.

[ 2015-10-16T10:08:17+08:00 ] 127.0.0.1 /index.php?g=home&m=ctsm&a=check
INFO: [ app_begin ] --START--
INFO: ReadHtmlCache Behavior ::run [ RunTime:0.001000s ]
INFO: [ app_begin ] --END-- [ RunTime:0.001000s ]
NOTIC: [8] Undefined index: mm C:\Users\zhaoge\git\Think_zdmj\Apps\Lib\Action\Home\CtsmAction.class.php 第 58 行.
NOTIC: [8] Undefined variable: error_message C:\Users\zhaoge\git\Think_zdmj\Apps\Lib\Action\Home\CtsmAction.class.php 第 61 行.

[ 2015-10-16T10:08:18+08:00 ] 127.0.0.1 /index.php?g=home&m=ctsm&a=check
INFO: [ app_begin ] --START--
INFO: ReadHtmlCache Behavior ::run [ RunTime:0.000000s ]
INFO: [ app_begin ] --END-- [ RunTime:0.000000s ]
NOTIC: [8] Undefined index: mm C:\Users\zhaoge\git\Think_zdmj\Apps\Lib\Action\Home\CtsmAction.class.php 第 58 行.
NOTIC: [8] Undefined variable: error_message C:\Users\zhaoge\git\Think_zdmj\Apps\Lib\Action\Home\CtsmAction.class.php 第 61 行.

[ 2015-10-16T10:08:18+08:00 ] 127.0.0.1 /index.php?g=home&m=ctsm&a=check
INFO: [ app_begin ] --START--
INFO: ReadHtmlCache Behavior ::run [ RunTime:0.000000s ]
INFO: [ app_begin ] --END-- [ RunTime:0.000000s ]
NOTIC: [8] Undefined index: mm C:\Users\zhaoge\git\Think_zdmj\Apps\Lib\Action\Home\CtsmAction.class.php 第 58 行.
NOTIC: [8] Undefined variable: error_message C:\Users\zhaoge\git\Think_zdmj\Apps\Lib\Action\Home\CtsmAction.class.php 第 61 行.

[ 2015-10-16T10:08:18+08:00 ] 127.0.0.1 /index.php?g=home&m=ctsm&a=check
INFO: [ app_begin ] --START--
INFO: ReadHtmlCache Behavior ::run [ RunTime:0.001000s ]
INFO: [ app_begin ] --END-- [ RunTime:0.001000s ]
NOTIC: [8] Undefined index: mm C:\Users\zhaoge\git\Think_zdmj\Apps\Lib\Action\Home\CtsmAction.class.php 第 58 行.
NOTIC: [8] Undefined variable: error_message C:\Users\zhaoge\git\Think_zdmj\Apps\Lib\Action\Home\CtsmAction.class.php 第 61 行.

[ 2015-10-16T10:09:52+08:00 ] 127.0.0.1 /index.php?g=home&m=ctsm&a=check
INFO: [ app_begin ] --START--
INFO: ReadHtmlCache Behavior ::run [ RunTime:0.001000s ]
INFO: [ app_begin ] --END-- [ RunTime:0.001000s ]

[ 2015-10-16T10:09:57+08:00 ] 127.0.0.1 /index.php?g=home&m=ctsm&a=check
INFO: [ app_begin ] --START--
INFO: ReadHtmlCache Behavior ::run [ RunTime:0.000000s ]
INFO: [ app_begin ] --END-- [ RunTime:0.001000s ]
NOTIC: [8] Undefined index: mm C:\Users\zhaoge\git\Think_zdmj\Apps\Lib\Action\Home\CtsmAction.class.php 第 58 行.
NOTIC: [8] Undefined variable: error_message C:\Users\zhaoge\git\Think_zdmj\Apps\Lib\Action\Home\CtsmAction.class.php 第 61 行.

[ 2015-10-16T10:09:58+08:00 ] 127.0.0.1 /index.php?g=home&m=ctsm&a=check
INFO: [ app_begin ] --START--
INFO: ReadHtmlCache Behavior ::run [ RunTime:0.000000s ]
INFO: [ app_begin ] --END-- [ RunTime:0.001000s ]
NOTIC: [8] Undefined index: mm C:\Users\zhaoge\git\Think_zdmj\Apps\Lib\Action\Home\CtsmAction.class.php 第 58 行.
NOTIC: [8] Undefined variable: error_message C:\Users\zhaoge\git\Think_zdmj\Apps\Lib\Action\Home\CtsmAction.class.php 第 61 行.

[ 2015-10-16T10:10:14+08:00 ] 127.0.0.1 /index.php?g=home&m=ctsm&a=check
INFO: [ app_begin ] --START--
INFO: ReadHtmlCache Behavior ::run [ RunTime:0.001000s ]
INFO: [ app_begin ] --END-- [ RunTime:0.001000s ]
NOTIC: [8] Undefined index: mm C:\Users\zhaoge\git\Think_zdmj\Apps\Lib\Action\Home\CtsmAction.class.php 第 58 行.
NOTIC: [8] Undefined variable: error_message C:\Users\zhaoge\git\Think_zdmj\Apps\Lib\Action\Home\CtsmAction.class.php 第 61 行.

[ 2015-10-16T10:10:15+08:00 ] 127.0.0.1 /index.php?g=home&m=ctsm&a=check
INFO: [ app_begin ] --START--
INFO: ReadHtmlCache Behavior ::run [ RunTime:0.001000s ]
INFO: [ app_begin ] --END-- [ RunTime:0.001000s ]
NOTIC: [8] Undefined index: mm C:\Users\zhaoge\git\Think_zdmj\Apps\Lib\Action\Home\CtsmAction.class.php 第 58 行.
NOTIC: [8] Undefined variable: error_message C:\Users\zhaoge\git\Think_zdmj\Apps\Lib\Action\Home\CtsmAction.class.php 第 61 行.

[ 2015-10-16T10:10:15+08:00 ] 127.0.0.1 /index.php?g=home&m=ctsm&a=check
INFO: [ app_begin ] --START--
INFO: ReadHtmlCache Behavior ::run [ RunTime:0.000000s ]
INFO: [ app_begin ] --END-- [ RunTime:0.001000s ]
NOTIC: [8] Undefined index: mm C:\Users\zhaoge\git\Think_zdmj\Apps\Lib\Action\Home\CtsmAction.class.php 第 58 行.
NOTIC: [8] Undefined variable: error_message C:\Users\zhaoge\git\Think_zdmj\Apps\Lib\Action\Home\CtsmAction.class.php 第 61 行.

[ 2015-10-16T10:10:16+08:00 ] 127.0.0.1 /index.php?g=home&m=ctsm&a=check
INFO: [ app_begin ] --START--
INFO: ReadHtmlCache Behavior ::run [ RunTime:0.001001s ]
INFO: [ app_begin ] --END-- [ RunTime:0.002001s ]
NOTIC: [8] Undefined index: mm C:\Users\zhaoge\git\Think_zdmj\Apps\Lib\Action\Home\CtsmAction.class.php 第 58 行.
NOTIC: [8] Undefined variable: error_message C:\Users\zhaoge\git\Think_zdmj\Apps\Lib\Action\Home\CtsmAction.class.php 第 61 行.

[ 2015-10-16T10:10:58+08:00 ] 127.0.0.1 /index.php?g=home&m=ctsm&a=check
INFO: [ app_begin ] --START--
INFO: ReadHtmlCache Behavior ::run [ RunTime:0.001000s ]
INFO: [ app_begin ] --END-- [ RunTime:0.001000s ]
NOTIC: [8] Undefined index: mm C:\Users\zhaoge\git\Think_zdmj\Apps\Lib\Action\Home\CtsmAction.class.php 第 59 行.

[ 2015-10-16T10:11:29+08:00 ] 127.0.0.1 /index.php?g=home&m=ctsm&a=check
INFO: [ app_begin ] --START--
INFO: ReadHtmlCache Behavior ::run [ RunTime:0.001000s ]
INFO: [ app_begin ] --END-- [ RunTime:0.001000s ]

[ 2015-10-16T10:11:34+08:00 ] 127.0.0.1 /index.php?g=home&m=ctsm&a=check
INFO: [ app_begin ] --START--
INFO: ReadHtmlCache Behavior ::run [ RunTime:0.001000s ]
INFO: [ app_begin ] --END-- [ RunTime:0.001000s ]
NOTIC: [8] Undefined index: mm C:\Users\zhaoge\git\Think_zdmj\Apps\Lib\Action\Home\CtsmAction.class.php 第 59 行.

[ 2015-10-16T10:12:32+08:00 ] 127.0.0.1 /index.php?g=home&m=ctsm&a=check
INFO: [ app_begin ] --START--
INFO: ReadHtmlCache Behavior ::run [ RunTime:0.000000s ]
INFO: [ app_begin ] --END-- [ RunTime:0.000000s ]
NOTIC: [8] Undefined index: mm C:\Users\zhaoge\git\Think_zdmj\Apps\Lib\Action\Home\CtsmAction.class.php 第 59 行.

[ 2015-10-16T10:12:54+08:00 ] 127.0.0.1 /index.php?g=home&m=ctsm&a=check
INFO: [ app_begin ] --START--
INFO: ReadHtmlCache Behavior ::run [ RunTime:0.000000s ]
INFO: [ app_begin ] --END-- [ RunTime:0.000000s ]
NOTIC: [8] Undefined index: mm C:\Users\zhaoge\git\Think_zdmj\Apps\Lib\Action\Home\CtsmAction.class.php 第 59 行.

[ 2015-10-16T10:13:07+08:00 ] 127.0.0.1 /index.php?g=home&m=ctsm&a=check
INFO: [ app_begin ] --START--
INFO: ReadHtmlCache Behavior ::run [ RunTime:0.000000s ]
INFO: [ app_begin ] --END-- [ RunTime:0.000000s ]
NOTIC: [8] Undefined index: mm C:\Users\zhaoge\git\Think_zdmj\Apps\Lib\Action\Home\CtsmAction.class.php 第 59 行.

[ 2015-10-16T10:41:41+08:00 ] 127.0.0.1 /index.php?g=home&m=ctsm&a=check
INFO: [ app_begin ] --START--
INFO: ReadHtmlCache Behavior ::run [ RunTime:0.001000s ]
INFO: [ app_begin ] --END-- [ RunTime:0.001000s ]

[ 2015-10-16T10:41:43+08:00 ] 127.0.0.1 /index.php?g=home&m=ctsm&a=check
INFO: [ app_begin ] --START--
INFO: ReadHtmlCache Behavior ::run [ RunTime:0.001000s ]
INFO: [ app_begin ] --END-- [ RunTime:0.001000s ]

[ 2015-10-16T10:41:45+08:00 ] 127.0.0.1 /index.php?g=home&m=ctsm&a=check
INFO: [ app_begin ] --START--
INFO: ReadHtmlCache Behavior ::run [ RunTime:0.000000s ]
INFO: [ app_begin ] --END-- [ RunTime:0.000000s ]

[ 2015-10-16T10:41:48+08:00 ] 127.0.0.1 /index.php?g=home&m=ctsm&a=check
INFO: [ app_begin ] --START--
INFO: ReadHtmlCache Behavior ::run [ RunTime:0.000000s ]
INFO: [ app_begin ] --END-- [ RunTime:0.000000s ]
NOTIC: [8] Undefined index: mm C:\Users\zhaoge\git\Think_zdmj\Apps\Lib\Action\Home\CtsmAction.class.php 第 59 行.

[ 2015-10-16T10:42:49+08:00 ] 127.0.0.1 /index.php?g=home&m=ctsm&a=check
INFO: [ app_begin ] --START--
INFO: ReadHtmlCache Behavior ::run [ RunTime:0.000000s ]
INFO: [ app_begin ] --END-- [ RunTime:0.000000s ]
NOTIC: [8] Undefined index: mm C:\Users\zhaoge\git\Think_zdmj\Apps\Lib\Action\Home\CtsmAction.class.php 第 59 行.

[ 2015-10-16T10:43:02+08:00 ] 127.0.0.1 /index.php?g=home&m=ctsm&a=check
INFO: [ app_begin ] --START--
INFO: ReadHtmlCache Behavior ::run [ RunTime:0.010000s ]
INFO: [ app_begin ] --END-- [ RunTime:0.010000s ]

[ 2015-10-16T11:31:22+08:00 ] 127.0.0.1 /index.php?g=home&m=ctsm&a=check
INFO: [ app_begin ] --START--
INFO: ReadHtmlCache Behavior ::run [ RunTime:0.000000s ]
INFO: [ app_begin ] --END-- [ RunTime:0.000000s ]

[ 2015-10-16T11:31:28+08:00 ] 127.0.0.1 /index.php?g=home&m=ctsm&a=check
INFO: [ app_begin ] --START--
INFO: ReadHtmlCache Behavior ::run [ RunTime:0.000000s ]
INFO: [ app_begin ] --END-- [ RunTime:0.000000s ]
NOTIC: [8] Undefined index: mm C:\Users\zhaoge\git\Think_zdmj\Apps\Lib\Action\Home\CtsmAction.class.php 第 59 行.

[ 2015-10-16T11:34:28+08:00 ] 127.0.0.1 /index.php?g=home&m=ctsm&a=check
INFO: [ app_begin ] --START--
INFO: ReadHtmlCache Behavior ::run [ RunTime:0.000000s ]
INFO: [ app_begin ] --END-- [ RunTime:0.000000s ]
NOTIC: [8] Undefined index: mm C:\Users\zhaoge\git\Think_zdmj\Apps\Lib\Action\Home\CtsmAction.class.php 第 59 行.

[ 2015-10-16T11:38:16+08:00 ] 127.0.0.1 /index.php?g=home&m=ctsm&a=check
INFO: [ app_begin ] --START--
INFO: ReadHtmlCache Behavior ::run [ RunTime:0.001000s ]
INFO: [ app_begin ] --END-- [ RunTime:0.001000s ]

[ 2015-10-16T11:38:18+08:00 ] 127.0.0.1 /index.php?g=home&m=ctsm&a=check
INFO: [ app_begin ] --START--
INFO: ReadHtmlCache Behavior ::run [ RunTime:0.000000s ]
INFO: [ app_begin ] --END-- [ RunTime:0.001000s ]

[ 2015-10-16T11:38:22+08:00 ] 127.0.0.1 /index.php?g=home&m=ctsm&a=check
INFO: [ app_begin ] --START--
INFO: ReadHtmlCache Behavior ::run [ RunTime:0.000000s ]
INFO: [ app_begin ] --END-- [ RunTime:0.000000s ]

[ 2015-10-16T11:38:57+08:00 ] 127.0.0.1 /index.php?g=home&m=ctsm&a=check
INFO: [ app_begin ] --START--
INFO: ReadHtmlCache Behavior ::run [ RunTime:0.001000s ]
INFO: [ app_begin ] --END-- [ RunTime:0.001000s ]

[ 2015-10-16T11:39:03+08:00 ] 127.0.0.1 /index.php?g=home&m=ctsm&a=check
INFO: [ app_begin ] --START--
INFO: ReadHtmlCache Behavior ::run [ RunTime:0.001000s ]
INFO: [ app_begin ] --END-- [ RunTime:0.001000s ]

[ 2015-10-16T11:39:06+08:00 ] 127.0.0.1 /index.php?g=home&m=ctsm&a=check
INFO: [ app_begin ] --START--
INFO: ReadHtmlCache Behavior ::run [ RunTime:0.000000s ]
INFO: [ app_begin ] --END-- [ RunTime:0.000000s ]

[ 2015-10-16T11:39:12+08:00 ] 127.0.0.1 /index.php?g=home&m=ctsm&a=check
INFO: [ app_begin ] --START--
INFO: ReadHtmlCache Behavior ::run [ RunTime:0.001000s ]
INFO: [ app_begin ] --END-- [ RunTime:0.001000s ]

[ 2015-10-16T11:39:38+08:00 ] 127.0.0.1 /index.php?g=home&m=ctsm&a=check
INFO: [ app_begin ] --START--
INFO: ReadHtmlCache Behavior ::run [ RunTime:0.000000s ]
INFO: [ app_begin ] --END-- [ RunTime:0.000000s ]

[ 2015-10-16T11:39:44+08:00 ] 127.0.0.1 /index.php?g=home&m=ctsm&a=check
INFO: [ app_begin ] --START--
INFO: ReadHtmlCache Behavior ::run [ RunTime:0.000000s ]
INFO: [ app_begin ] --END-- [ RunTime:0.000000s ]

[ 2015-10-16T11:39:46+08:00 ] 127.0.0.1 /index.php?g=home&m=ctsm&a=check
INFO: [ app_begin ] --START--
INFO: ReadHtmlCache Behavior ::run [ RunTime:0.000000s ]
INFO: [ app_begin ] --END-- [ RunTime:0.000000s ]

[ 2015-10-16T11:39:48+08:00 ] 127.0.0.1 /index.php?g=home&m=ctsm&a=check
INFO: [ app_begin ] --START--
INFO: ReadHtmlCache Behavior ::run [ RunTime:0.001000s ]
INFO: [ app_begin ] --END-- [ RunTime:0.001000s ]

[ 2015-10-16T11:39:51+08:00 ] 127.0.0.1 /index.php?g=home&m=ctsm&a=check
INFO: [ app_begin ] --START--
INFO: ReadHtmlCache Behavior ::run [ RunTime:0.000000s ]
INFO: [ app_begin ] --END-- [ RunTime:0.000000s ]
NOTIC: [8] Undefined index: mm C:\Users\zhaoge\git\Think_zdmj\Apps\Lib\Action\Home\CtsmAction.class.php 第 59 行.

[ 2015-10-16T11:40:47+08:00 ] 127.0.0.1 /index.php?g=home&m=ctsm&a=check
INFO: [ app_begin ] --START--
INFO: ReadHtmlCache Behavior ::run [ RunTime:0.000000s ]
INFO: [ app_begin ] --END-- [ RunTime:0.000000s ]

[ 2015-10-16T11:40:52+08:00 ] 127.0.0.1 /index.php?g=home&m=ctsm&a=check
INFO: [ app_begin ] --START--
INFO: ReadHtmlCache Behavior ::run [ RunTime:0.001001s ]
INFO: [ app_begin ] --END-- [ RunTime:0.001001s ]

[ 2015-10-16T11:40:54+08:00 ] 127.0.0.1 /index.php?g=home&m=ctsm&a=check
INFO: [ app_begin ] --START--
INFO: ReadHtmlCache Behavior ::run [ RunTime:0.000000s ]
INFO: [ app_begin ] --END-- [ RunTime:0.000000s ]

[ 2015-10-16T11:40:54+08:00 ] 127.0.0.1 /index.php?g=home&m=ctsm&a=check
INFO: [ app_begin ] --START--
INFO: ReadHtmlCache Behavior ::run [ RunTime:0.000000s ]
INFO: [ app_begin ] --END-- [ RunTime:0.000000s ]

[ 2015-10-16T11:40:54+08:00 ] 127.0.0.1 /index.php?g=home&m=ctsm&a=check
INFO: [ app_begin ] --START--
INFO: ReadHtmlCache Behavior ::run [ RunTime:0.001000s ]
INFO: [ app_begin ] --END-- [ RunTime:0.001000s ]

[ 2015-10-16T11:40:54+08:00 ] 127.0.0.1 /index.php?g=home&m=ctsm&a=check
INFO: [ app_begin ] --START--
INFO: ReadHtmlCache Behavior ::run [ RunTime:0.001000s ]
INFO: [ app_begin ] --END-- [ RunTime:0.001000s ]

[ 2015-10-16T11:40:54+08:00 ] 127.0.0.1 /index.php?g=home&m=ctsm&a=check
INFO: [ app_begin ] --START--
INFO: ReadHtmlCache Behavior ::run [ RunTime:0.000000s ]
INFO: [ app_begin ] --END-- [ RunTime:0.001000s ]

[ 2015-10-16T11:40:55+08:00 ] 127.0.0.1 /index.php?g=home&m=ctsm&a=check
INFO: [ app_begin ] --START--
INFO: ReadHtmlCache Behavior ::run [ RunTime:0.001000s ]
INFO: [ app_begin ] --END-- [ RunTime:0.001000s ]

[ 2015-10-16T11:40:55+08:00 ] 127.0.0.1 /index.php?g=home&m=ctsm&a=check
INFO: [ app_begin ] --START--
INFO: ReadHtmlCache Behavior ::run [ RunTime:0.000000s ]
INFO: [ app_begin ] --END-- [ RunTime:0.000000s ]

[ 2015-10-16T11:40:55+08:00 ] 127.0.0.1 /index.php?g=home&m=ctsm&a=check
INFO: [ app_begin ] --START--
INFO: ReadHtmlCache Behavior ::run [ RunTime:0.001000s ]
INFO: [ app_begin ] --END-- [ RunTime:0.001000s ]

[ 2015-10-16T11:40:56+08:00 ] 127.0.0.1 /index.php?g=home&m=ctsm&a=check
INFO: [ app_begin ] --START--
INFO: ReadHtmlCache Behavior ::run [ RunTime:0.000000s ]
INFO: [ app_begin ] --END-- [ RunTime:0.000000s ]

[ 2015-10-16T11:40:56+08:00 ] 127.0.0.1 /index.php?g=home&m=ctsm&a=check
INFO: [ app_begin ] --START--
INFO: ReadHtmlCache Behavior ::run [ RunTime:0.001000s ]
INFO: [ app_begin ] --END-- [ RunTime:0.001000s ]

[ 2015-10-16T11:40:59+08:00 ] 127.0.0.1 /index.php?g=home&m=ctsm&a=check
INFO: [ app_begin ] --START--
INFO: ReadHtmlCache Behavior ::run [ RunTime:0.000000s ]
INFO: [ app_begin ] --END-- [ RunTime:0.000000s ]

[ 2015-10-16T11:40:59+08:00 ] 127.0.0.1 /index.php?g=home&m=ctsm&a=check
INFO: [ app_begin ] --START--
INFO: ReadHtmlCache Behavior ::run [ RunTime:0.000000s ]
INFO: [ app_begin ] --END-- [ RunTime:0.000000s ]

[ 2015-10-16T11:41:00+08:00 ] 127.0.0.1 /index.php?g=home&m=ctsm&a=check
INFO: [ app_begin ] --START--
INFO: ReadHtmlCache Behavior ::run [ RunTime:0.001000s ]
INFO: [ app_begin ] --END-- [ RunTime:0.001000s ]

[ 2015-10-16T11:41:02+08:00 ] 127.0.0.1 /index.php?g=home&m=ctsm&a=check
INFO: [ app_begin ] --START--
INFO: ReadHtmlCache Behavior ::run [ RunTime:0.000000s ]
INFO: [ app_begin ] --END-- [ RunTime:0.000000s ]

[ 2015-10-16T11:41:24+08:00 ] 127.0.0.1 /index.php?g=home&m=ctsm&a=check
INFO: [ app_begin ] --START--
INFO: ReadHtmlCache Behavior ::run [ RunTime:0.001000s ]
INFO: [ app_begin ] --END-- [ RunTime:0.001000s ]

[ 2015-10-16T11:41:25+08:00 ] 127.0.0.1 /index.php?g=home&m=ctsm&a=check
INFO: [ app_begin ] --START--
INFO: ReadHtmlCache Behavior ::run [ RunTime:0.000000s ]
INFO: [ app_begin ] --END-- [ RunTime:0.001000s ]

[ 2015-10-16T11:41:27+08:00 ] 127.0.0.1 /index.php?g=home&m=ctsm&a=check
INFO: [ app_begin ] --START--
INFO: ReadHtmlCache Behavior ::run [ RunTime:0.010001s ]
INFO: [ app_begin ] --END-- [ RunTime:0.010001s ]

[ 2015-10-16T11:41:31+08:00 ] 127.0.0.1 /index.php?g=home&m=ctsm&a=check
INFO: [ app_begin ] --START--
INFO: ReadHtmlCache Behavior ::run [ RunTime:0.000000s ]
INFO: [ app_begin ] --END-- [ RunTime:0.001000s ]
NOTIC: [8] Undefined index: mm C:\Users\zhaoge\git\Think_zdmj\Apps\Lib\Action\Home\CtsmAction.class.php 第 59 行.

[ 2015-10-16T14:35:40+08:00 ] 127.0.0.1 /index.php?g=home&m=ctsm&a=check
INFO: [ app_begin ] --START--
INFO: ReadHtmlCache Behavior ::run [ RunTime:0.000000s ]
INFO: [ app_begin ] --END-- [ RunTime:0.001000s ]
NOTIC: [8] Undefined index: mm C:\Users\zhaoge\git\Think_zdmj\Apps\Lib\Action\Home\CtsmAction.class.php 第 59 行.

[ 2015-10-16T14:38:51+08:00 ] 127.0.0.1 /index.php?g=home&m=ctsm&a=check
INFO: [ app_begin ] --START--
INFO: ReadHtmlCache Behavior ::run [ RunTime:0.001000s ]
INFO: [ app_begin ] --END-- [ RunTime:0.001000s ]

[ 2015-10-16T14:38:59+08:00 ] 127.0.0.1 /index.php?g=home&m=ctsm&a=check
INFO: [ app_begin ] --START--
INFO: ReadHtmlCache Behavior ::run [ RunTime:0.001000s ]
INFO: [ app_begin ] --END-- [ RunTime:0.001000s ]

[ 2015-10-16T14:39:04+08:00 ] 127.0.0.1 /index.php?g=home&m=ctsm&a=check
INFO: [ app_begin ] --START--
INFO: ReadHtmlCache Behavior ::run [ RunTime:0.001000s ]
INFO: [ app_begin ] --END-- [ RunTime:0.001000s ]

[ 2015-10-16T14:39:11+08:00 ] 127.0.0.1 /index.php?g=home&m=ctsm&a=check
INFO: [ app_begin ] --START--
INFO: ReadHtmlCache Behavior ::run [ RunTime:0.000000s ]
INFO: [ app_begin ] --END-- [ RunTime:0.001000s ]

[ 2015-10-16T14:39:12+08:00 ] 127.0.0.1 /index.php?g=home&m=ctsm&a=check
INFO: [ app_begin ] --START--
INFO: ReadHtmlCache Behavior ::run [ RunTime:0.001001s ]
INFO: [ app_begin ] --END-- [ RunTime:0.001001s ]

[ 2015-10-16T14:39:12+08:00 ] 127.0.0.1 /index.php?g=home&m=ctsm&a=check
INFO: [ app_begin ] --START--
INFO: ReadHtmlCache Behavior ::run [ RunTime:0.001000s ]
INFO: [ app_begin ] --END-- [ RunTime:0.001000s ]

[ 2015-10-16T15:05:28+08:00 ] 127.0.0.1 /index.php?g=home&m=ctsm&a=check
INFO: [ app_begin ] --START--
INFO: ReadHtmlCache Behavior ::run [ RunTime:0.001000s ]
INFO: [ app_begin ] --END-- [ RunTime:0.001000s ]

[ 2015-10-16T15:12:51+08:00 ] 127.0.0.1 /index.php?g=home&m=ctsm&a=check
INFO: [ app_begin ] --START--
INFO: ReadHtmlCache Behavior ::run [ RunTime:0.001000s ]
INFO: [ app_begin ] --END-- [ RunTime:0.001000s ]

[ 2015-10-16T15:13:02+08:00 ] 127.0.0.1 /index.php?g=home&m=ctsm&a=check
INFO: [ app_begin ] --START--
INFO: ReadHtmlCache Behavior ::run [ RunTime:0.000000s ]
INFO: [ app_begin ] --END-- [ RunTime:0.000000s ]

[ 2015-10-16T15:13:06+08:00 ] 127.0.0.1 /index.php?g=home&m=ctsm&a=check
INFO: [ app_begin ] --START--
INFO: ReadHtmlCache Behavior ::run [ RunTime:0.001000s ]
INFO: [ app_begin ] --END-- [ RunTime:0.002000s ]
NOTIC: [8] Undefined index: mm C:\Users\zhaoge\git\Think_zdmj\Apps\Lib\Action\Home\CtsmAction.class.php 第 59 行.

[ 2015-10-16T19:16:03+08:00 ] 127.0.0.1 /index.php?g=home&m=ctsm&a=check
INFO: [ app_begin ] --START--
INFO: ReadHtmlCache Behavior ::run [ RunTime:0.001000s ]
INFO: [ app_begin ] --END-- [ RunTime:0.001000s ]

[ 2015-10-16T21:38:34+08:00 ] 127.0.0.1 /index.php?g=home&m=ctsm&a=check
INFO: [ app_begin ] --START--
INFO: ReadHtmlCache Behavior ::run [ RunTime:0.000000s ]
INFO: [ app_begin ] --END-- [ RunTime:0.001000s ]

[ 2015-10-16T21:39:37+08:00 ] 127.0.0.1 /index.php?g=home&m=ctsm&a=check
INFO: [ app_begin ] --START--
INFO: ReadHtmlCache Behavior ::run [ RunTime:0.001000s ]
INFO: [ app_begin ] --END-- [ RunTime:0.001000s ]

[ 2015-10-16T21:40:26+08:00 ] 127.0.0.1 /index.php?g=home&m=ctsm&a=check
INFO: [ app_begin ] --START--
INFO: ReadHtmlCache Behavior ::run [ RunTime:0.000000s ]
INFO: [ app_begin ] --END-- [ RunTime:0.000000s ]
NOTIC: [8] Undefined index: mm C:\Users\zhaoge\git\Think_zdmj\Apps\Lib\Action\Home\CtsmAction.class.php 第 57 行.

